<?xml version="1.0" encoding="UTF-8"?>
<testng-results ignored="0" total="1" passed="1" failed="0" skipped="0">
  <reporter-output>
  </reporter-output>
  <suite started-at="2020-11-13T15:24:37 IST" name="Default suite" finished-at="2020-11-13T15:24:41 IST" duration-ms="4601">
    <groups>
    </groups>
    <test started-at="2020-11-13T15:24:37 IST" name="Default test" finished-at="2020-11-13T15:24:41 IST" duration-ms="4601">
      <class name="com.atmecs.mock_api_testing.tests.DeleteRecord">
        <test-method signature="deleteRecord()[pri:0, instance:com.atmecs.mock_api_testing.tests.DeleteRecord@7c469c48]" started-at="2020-11-13T15:24:37 IST" name="deleteRecord" finished-at="2020-11-13T15:24:41 IST" duration-ms="4566" status="PASS">
          <reporter-output>
          </reporter-output>
        </test-method> <!-- deleteRecord -->
      </class> <!-- com.atmecs.mock_api_testing.tests.DeleteRecord -->
    </test> <!-- Default test -->
  </suite> <!-- Default suite -->
</testng-results>
